DEB [20151209-10:55:21.042] thr=1   paramiko.transport: starting thread (client mode): 0x73e88190L
INF [20151209-10:55:21.109] thr=1   paramiko.transport: Connected (version 2.0, client OpenSSH_6.7p1)
DEB [20151209-10:55:21.115] thr=1   paramiko.transport: kex algos:['diffie-hellman-group-exchange-sha256', 'diffie-hellman-group14-sha1', 'diffie-hellman-group-exchange-sha1'] server key:['ssh-rsa', 'ssh-dss', 'ecdsa-sha2-nistp256', 'ssh-ed25519'] client encrypt:['aes256-gcm@openssh.com', 'aes128-gcm@openssh.com', 'aes256-ctr', 'aes128-ctr'] server encrypt:['aes256-gcm@openssh.com', 'aes128-gcm@openssh.com', 'aes256-ctr', 'aes128-ctr'] client mac:['hmac-sha2-512-etm@openssh.com', 'hmac-sha2-256-etm@openssh.com', 'umac-128-etm@openssh.com', 'hmac-sha2-512', 'hmac-sha2-256', 'hmac-ripemd160', 'hmac-sha1'] server mac:['hmac-sha2-512-etm@openssh.com', 'hmac-sha2-256-etm@openssh.com', 'umac-128-etm@openssh.com', 'hmac-sha2-512', 'hmac-sha2-256', 'hmac-ripemd160', 'hmac-sha1'] client compress:['none', 'zlib@openssh.com'] server compress:['none', 'zlib@openssh.com'] client lang:[''] server lang:[''] kex follows?False
DEB [20151209-10:55:21.115] thr=1   paramiko.transport: Ciphers agreed: local=aes128-ctr, remote=aes128-ctr
DEB [20151209-10:55:21.115] thr=1   paramiko.transport: using kex diffie-hellman-group-exchange-sha1; server key type ssh-rsa; cipher: local aes128-ctr, remote aes128-ctr; mac: local hmac-sha1, remote hmac-sha1; compression: local none, remote none
DEB [20151209-10:55:21.139] thr=1   paramiko.transport: Got server p (2048 bits)
DEB [20151209-10:55:21.316] thr=1   paramiko.transport: Switch to new keys ...
DEB [20151209-10:55:21.318] thr=2   paramiko.transport: Adding ssh-rsa host key for 10.42.0.21: 0599234c2c456b1f46cd1ba9caff934b
DEB [20151209-10:55:21.320] thr=1   paramiko.transport: userauth is OK
INF [20151209-10:55:21.508] thr=1   paramiko.transport: Authentication (password) successful!
DEB [20151209-10:55:21.521] thr=2   paramiko.transport: [chan 1] Max packet in: 34816 bytes
DEB [20151209-10:55:21.535] thr=1   paramiko.transport: [chan 1] Max packet out: 32768 bytes
INF [20151209-10:55:21.536] thr=1   paramiko.transport: Secsh channel 1 opened.
DEB [20151209-10:55:21.540] thr=1   paramiko.transport: [chan 1] Sesch channel 1 request ok
DEB [20151209-10:55:21.555] thr=1   paramiko.transport: [chan 1] EOF received (1)
DEB [20151209-10:55:21.556] thr=1   paramiko.transport: [chan 1] EOF sent (1)
DEB [20151209-10:55:24.410] thr=2   paramiko.transport: [chan 2] Max packet in: 34816 bytes
DEB [20151209-10:55:24.411] thr=1   paramiko.transport: [chan 2] Max packet out: 32768 bytes
INF [20151209-10:55:24.411] thr=1   paramiko.transport: Secsh channel 2 opened.
DEB [20151209-10:55:24.416] thr=1   paramiko.transport: [chan 2] Sesch channel 2 request ok
DEB [20151209-10:55:30.821] thr=1   paramiko.transport: [chan 2] EOF received (2)
DEB [20151209-10:55:30.822] thr=1   paramiko.transport: [chan 2] EOF sent (2)
DEB [20151209-10:58:17.914] thr=2   paramiko.transport: [chan 3] Max packet in: 34816 bytes
DEB [20151209-10:58:17.916] thr=1   paramiko.transport: [chan 3] Max packet out: 32768 bytes
INF [20151209-10:58:17.917] thr=1   paramiko.transport: Secsh channel 3 opened.
DEB [20151209-10:58:17.922] thr=1   paramiko.transport: [chan 3] Sesch channel 3 request ok
DEB [20151209-10:58:44.058] thr=2   paramiko.transport: [chan 4] Max packet in: 34816 bytes
DEB [20151209-10:58:44.060] thr=1   paramiko.transport: [chan 4] Max packet out: 32768 bytes
INF [20151209-10:58:44.060] thr=1   paramiko.transport: Secsh channel 4 opened.
DEB [20151209-10:58:44.065] thr=1   paramiko.transport: [chan 3] EOF sent (3)
DEB [20151209-10:58:44.065] thr=1   paramiko.transport: [chan 4] Sesch channel 4 request ok
DEB [20151209-10:58:44.113] thr=2   paramiko.transport: [chan 5] Max packet in: 34816 bytes
DEB [20151209-10:58:44.114] thr=1   paramiko.transport: [chan 4] EOF received (4)
DEB [20151209-10:58:44.115] thr=1   paramiko.transport: [chan 4] EOF sent (4)
DEB [20151209-10:58:44.115] thr=1   paramiko.transport: [chan 5] Max packet out: 32768 bytes
INF [20151209-10:58:44.116] thr=1   paramiko.transport: Secsh channel 5 opened.
DEB [20151209-10:58:44.158] thr=1   paramiko.transport: [chan 5] Sesch channel 5 request ok
DEB [20151209-10:58:44.175] thr=1   paramiko.transport: [chan 5] EOF received (5)
DEB [20151209-10:58:44.176] thr=1   paramiko.transport: [chan 5] EOF sent (5)
DEB [20151209-10:58:44.279] thr=1   paramiko.transport: Ignoring message for dead channel 3
DEB [20151209-10:58:44.279] thr=1   paramiko.transport: Ignoring message for dead channel 3
DEB [20151209-10:59:43.794] thr=2   paramiko.transport: [chan 6] Max packet in: 34816 bytes
DEB [20151209-10:59:43.795] thr=1   paramiko.transport: [chan 6] Max packet out: 32768 bytes
INF [20151209-10:59:43.796] thr=1   paramiko.transport: Secsh channel 6 opened.
DEB [20151209-10:59:43.801] thr=1   paramiko.transport: [chan 6] Sesch channel 6 request ok
DEB [20151209-10:59:43.843] thr=1   paramiko.transport: [chan 6] EOF received (6)
DEB [20151209-10:59:43.844] thr=2   paramiko.transport: [chan 7] Max packet in: 34816 bytes
DEB [20151209-10:59:43.844] thr=1   paramiko.transport: [chan 6] EOF sent (6)
DEB [20151209-10:59:43.845] thr=1   paramiko.transport: [chan 7] Max packet out: 32768 bytes
INF [20151209-10:59:43.845] thr=1   paramiko.transport: Secsh channel 7 opened.
DEB [20151209-10:59:43.885] thr=1   paramiko.transport: [chan 7] Sesch channel 7 request ok
DEB [20151209-11:00:04.250] thr=1   paramiko.transport: [chan 7] EOF received (7)
DEB [20151209-11:00:04.251] thr=1   paramiko.transport: [chan 7] EOF sent (7)
DEB [20151209-11:00:17.783] thr=2   paramiko.transport: [chan 8] Max packet in: 34816 bytes
DEB [20151209-11:00:17.785] thr=1   paramiko.transport: [chan 8] Max packet out: 32768 bytes
INF [20151209-11:00:17.785] thr=1   paramiko.transport: Secsh channel 8 opened.
DEB [20151209-11:00:17.791] thr=1   paramiko.transport: [chan 8] Sesch channel 8 request ok
DEB [20151209-11:00:24.195] thr=1   paramiko.transport: [chan 8] EOF received (8)
DEB [20151209-11:00:24.195] thr=1   paramiko.transport: [chan 8] EOF sent (8)
