DEB [20151120-16:30:34.809] thr=1   paramiko.transport: starting thread (client mode): 0xfc98150L
INF [20151120-16:30:34.915] thr=1   paramiko.transport: Connected (version 2.0, client OpenSSH_6.7p1)
DEB [20151120-16:30:34.925] thr=1   paramiko.transport: kex algos:['diffie-hellman-group-exchange-sha256', 'diffie-hellman-group14-sha1', 'diffie-hellman-group-exchange-sha1'] server key:['ssh-rsa', 'ssh-dss', 'ecdsa-sha2-nistp256'] client encrypt:['aes256-gcm@openssh.com', 'aes128-gcm@openssh.com', 'aes256-ctr', 'aes128-ctr'] server encrypt:['aes256-gcm@openssh.com', 'aes128-gcm@openssh.com', 'aes256-ctr', 'aes128-ctr'] client mac:['hmac-sha2-512-etm@openssh.com', 'hmac-sha2-256-etm@openssh.com', 'umac-128-etm@openssh.com', 'hmac-sha2-512', 'hmac-sha2-256', 'hmac-ripemd160', 'hmac-sha1'] server mac:['hmac-sha2-512-etm@openssh.com', 'hmac-sha2-256-etm@openssh.com', 'umac-128-etm@openssh.com', 'hmac-sha2-512', 'hmac-sha2-256', 'hmac-ripemd160', 'hmac-sha1'] client compress:['none', 'zlib@openssh.com'] server compress:['none', 'zlib@openssh.com'] client lang:[''] server lang:[''] kex follows?False
DEB [20151120-16:30:34.925] thr=1   paramiko.transport: Ciphers agreed: local=aes128-ctr, remote=aes128-ctr
DEB [20151120-16:30:34.925] thr=1   paramiko.transport: using kex diffie-hellman-group-exchange-sha1; server key type ssh-rsa; cipher: local aes128-ctr, remote aes128-ctr; mac: local hmac-sha1, remote hmac-sha1; compression: local none, remote none
DEB [20151120-16:30:34.955] thr=1   paramiko.transport: Got server p (2048 bits)
DEB [20151120-16:30:35.180] thr=1   paramiko.transport: Switch to new keys ...
DEB [20151120-16:30:35.193] thr=2   paramiko.transport: Adding ssh-rsa host key for 10.42.0.25: 559ebf0e9002e874e29f01a4ff5044d8
DEB [20151120-16:30:35.196] thr=1   paramiko.transport: userauth is OK
INF [20151120-16:30:35.519] thr=1   paramiko.transport: Authentication (password) successful!
DEB [20151120-16:30:35.528] thr=2   paramiko.transport: [chan 1] Max packet in: 34816 bytes
DEB [20151120-16:30:35.656] thr=1   paramiko.transport: [chan 1] Max packet out: 32768 bytes
INF [20151120-16:30:35.656] thr=1   paramiko.transport: Secsh channel 1 opened.
DEB [20151120-16:30:35.665] thr=1   paramiko.transport: [chan 1] Sesch channel 1 request ok
DEB [20151120-16:30:35.705] thr=1   paramiko.transport: [chan 1] EOF received (1)
DEB [20151120-16:30:35.708] thr=1   paramiko.transport: [chan 1] EOF sent (1)
DEB [20151120-16:30:39.232] thr=2   paramiko.transport: [chan 2] Max packet in: 34816 bytes
DEB [20151120-16:30:39.234] thr=1   paramiko.transport: [chan 2] Max packet out: 32768 bytes
INF [20151120-16:30:39.234] thr=1   paramiko.transport: Secsh channel 2 opened.
DEB [20151120-16:30:39.240] thr=1   paramiko.transport: [chan 2] Sesch channel 2 request ok
DEB [20151120-16:31:11.157] thr=2   paramiko.transport: [chan 3] Max packet in: 34816 bytes
DEB [20151120-16:31:11.159] thr=1   paramiko.transport: [chan 3] Max packet out: 32768 bytes
INF [20151120-16:31:11.159] thr=1   paramiko.transport: Secsh channel 3 opened.
DEB [20151120-16:31:11.165] thr=1   paramiko.transport: [chan 2] EOF sent (2)
DEB [20151120-16:31:11.166] thr=1   paramiko.transport: [chan 3] Sesch channel 3 request ok
DEB [20151120-16:31:11.196] thr=1   paramiko.transport: Ignoring message for dead channel 2
DEB [20151120-16:31:11.256] thr=2   paramiko.transport: [chan 4] Max packet in: 34816 bytes
DEB [20151120-16:31:11.258] thr=1   paramiko.transport: [chan 3] EOF received (3)
DEB [20151120-16:31:11.265] thr=1   paramiko.transport: [chan 4] Max packet out: 32768 bytes
INF [20151120-16:31:11.265] thr=1   paramiko.transport: Secsh channel 4 opened.
DEB [20151120-16:31:11.266] thr=1   paramiko.transport: [chan 3] EOF sent (3)
DEB [20151120-16:31:11.303] thr=1   paramiko.transport: [chan 4] Sesch channel 4 request ok
DEB [20151120-16:31:11.344] thr=1   paramiko.transport: [chan 4] EOF received (4)
DEB [20151120-16:31:11.345] thr=1   paramiko.transport: [chan 4] EOF sent (4)
DEB [20151120-16:31:11.524] thr=1   paramiko.transport: Ignoring message for dead channel 2
DEB [20151120-16:31:11.524] thr=1   paramiko.transport: Ignoring message for dead channel 2
